<?xml version="1.0" encoding="UTF-8"?>
<!-- Generated by org.testng.reporters.JUnitReportReporter -->
<testsuite hostname="BDC4-D-9Y01T72" name="com.selenium.TestClass05" tests="1" failures="0" timestamp="20 Jan 2020 08:59:18 GMT" time="8.758" errors="0">
  <testcase name="findingCoordinatesTest" time="8.758" classname="com.selenium.TestClass05"/>
</testsuite> <!-- com.selenium.TestClass05 -->
