<?xml version="1.0" encoding="UTF-8"?>
<!-- Generated by org.testng.reporters.JUnitReportReporter -->
<testsuite hostname="BDC4-D-9Y01T72" name="com.selenium.datahandling.TestClassLogin" tests="4" failures="0" timestamp="21 Jan 2020 05:39:15 GMT" time="32.840" errors="0">
  <testcase name="loginTest" time="7.949" classname="com.selenium.datahandling.TestClassLogin"/>
  <testcase name="loginTest" time="8.830" classname="com.selenium.datahandling.TestClassLogin"/>
  <testcase name="loginTest" time="8.051" classname="com.selenium.datahandling.TestClassLogin"/>
  <testcase name="loginTest" time="8.010" classname="com.selenium.datahandling.TestClassLogin"/>
</testsuite> <!-- com.selenium.datahandling.TestClassLogin -->
