<?xml version="1.0" encoding="UTF-8"?>
<!-- Generated by org.testng.reporters.JUnitReportReporter -->
<testsuite hostname="BDC4-D-9Y01T72" name="com.selenium.TestClass06" tests="1" failures="0" timestamp="22 Jan 2020 04:31:38 GMT" time="10.906" errors="0">
  <testcase name="cookiesManagementTest" time="10.906" classname="com.selenium.TestClass06"/>
</testsuite> <!-- com.selenium.TestClass06 -->
