<?xml version="1.0" encoding="UTF-8"?>
<!-- Generated by org.testng.reporters.JUnitReportReporter -->
<testsuite hostname="BDC4-D-9Y01T72" name="com.selenium.RobotLearning" tests="1" failures="0" timestamp="20 Jan 2020 10:58:06 GMT" time="32.762" errors="0">
  <testcase name="robotPracticeTest" time="32.762" classname="com.selenium.RobotLearning"/>
</testsuite> <!-- com.selenium.RobotLearning -->
