<?xml version="1.0" encoding="UTF-8"?>
<!-- Generated by org.testng.reporters.JUnitReportReporter -->
<testsuite hostname="BDC4-D-9Y01T72" name="com.selenium.TestForLogs" tests="2" failures="0" timestamp="22 Jan 2020 04:41:34 GMT" time="0.131" errors="0">
  <testcase name="ManualLoggerDemo" time="0.005" classname="com.selenium.TestForLogs"/>
  <testcase name="RootLoggerDemo" time="0.126" classname="com.selenium.TestForLogs"/>
</testsuite> <!-- com.selenium.TestForLogs -->
