<?xml version="1.0" encoding="UTF-8"?>
<!-- Generated by org.testng.reporters.JUnitReportReporter -->
<testsuite hostname="BDC4-D-9Y01T72" name="com.selenium.JsExecutor" tests="1" failures="0" timestamp="20 Jan 2020 10:01:16 GMT" time="29.362" errors="0">
  <testcase name="javaScriptExecutorTest" time="29.362" classname="com.selenium.JsExecutor"/>
</testsuite> <!-- com.selenium.JsExecutor -->
